HaskellActivity.o:
0000000000000000 t $d.0
0000000000000000 r $d.1
0000000000000180 t $d.10
0000000000000fc0 t $d.100
0000000000000fe0 t $d.102
0000000000001050 t $d.104
0000000000001070 t $d.106
00000000000010e0 t $d.108
0000000000001100 t $d.110
0000000000001170 t $d.112
0000000000001190 t $d.114
0000000000001200 t $d.116
0000000000001220 t $d.118
00000000000001c8 t $d.12
0000000000001290 t $d.120
00000000000012b0 t $d.122
0000000000001320 t $d.124
0000000000001340 t $d.126
00000000000013b0 t $d.128
00000000000013d0 t $d.130
0000000000001440 t $d.132
0000000000001460 t $d.134
00000000000014d0 t $d.136
00000000000014f0 t $d.138
0000000000000218 t $d.14
0000000000001560 t $d.140
0000000000001588 t $d.142
00000000000015f8 t $d.144
0000000000001620 t $d.146
0000000000001690 t $d.148
00000000000016b8 t $d.150
0000000000001728 t $d.152
0000000000001750 t $d.154
00000000000017c0 t $d.156
00000000000017e8 t $d.158
0000000000000268 t $d.16
0000000000001858 t $d.160
0000000000001880 t $d.162
00000000000018f0 t $d.164
0000000000001918 t $d.166
0000000000001988 t $d.168
00000000000019b0 t $d.170
0000000000001a20 t $d.172
0000000000001a48 t $d.174
0000000000001ab0 t $d.176
0000000000001b18 t $d.178
00000000000002b8 t $d.18
0000000000001b70 t $d.180
0000000000001ba0 t $d.182
0000000000001c00 t $d.184
0000000000001c20 t $d.186
0000000000001c48 t $d.188
0000000000001c78 t $d.190
0000000000001cd8 t $d.192
0000000000001cf8 t $d.194
0000000000001d20 t $d.196
0000000000001db8 t $d.198
0000000000000030 t $d.2
0000000000000000 n $d.2
0000000000000308 t $d.20
0000000000001e38 t $d.200
0000000000001e68 t $d.202
0000000000001e88 t $d.204
0000000000001eb8 t $d.206
0000000000001f18 t $d.208
0000000000001f38 t $d.210
0000000000001f60 t $d.212
0000000000001fc0 t $d.214
0000000000002088 t $d.216
0000000000002100 t $d.218
0000000000000358 t $d.22
0000000000002130 t $d.220
0000000000002150 t $d.222
00000000000021c8 t $d.224
00000000000021f8 t $d.226
0000000000002218 t $d.228
0000000000002280 t $d.230
00000000000022e8 t $d.232
0000000000002350 t $d.234
00000000000023b8 t $d.236
0000000000002420 t $d.238
00000000000003a8 t $d.24
0000000000002488 t $d.240
00000000000024f0 t $d.242
0000000000002560 t $d.244
00000000000025c8 t $d.246
0000000000002640 t $d.248
0000000000002668 t $d.250
00000000000026e0 t $d.252
0000000000002718 t $d.254
0000000000002750 t $d.256
0000000000002788 t $d.258
00000000000003f0 t $d.26
00000000000027c0 t $d.260
00000000000027f8 t $d.262
0000000000002830 t $d.264
00000000000028a8 t $d.266
00000000000028d0 t $d.268
0000000000002940 t $d.270
0000000000002ab8 t $d.272
0000000000002b10 t $d.274
0000000000002b40 t $d.276
0000000000002bc0 t $d.278
0000000000000428 t $d.28
0000000000002c28 t $d.280
0000000000002c48 t $d.282
0000000000002ca0 t $d.284
0000000000002d10 t $d.286
0000000000002d30 t $d.288
0000000000002d88 t $d.290
0000000000002df8 t $d.292
0000000000002e18 t $d.294
0000000000002e48 t $d.296
0000000000002e78 t $d.298
0000000000000498 t $d.30
0000000000002ea8 t $d.300
0000000000002f28 t $d.302
0000000000002f60 t $d.304
0000000000002fb0 t $d.306
0000000000003028 t $d.308
0000000000003050 t $d.310
0000000000003078 t $d.312
0000000000003100 t $d.314
0000000000003138 t $d.316
0000000000003188 t $d.318
00000000000004e0 t $d.32
0000000000003200 t $d.320
0000000000003228 t $d.322
0000000000003250 t $d.324
00000000000032b8 t $d.326
00000000000032e8 t $d.328
0000000000003350 t $d.330
00000000000033a0 t $d.332
00000000000033d8 t $d.334
0000000000003410 t $d.336
0000000000003460 t $d.338
0000000000000528 t $d.34
0000000000003498 t $d.340
00000000000034e0 t $d.342
0000000000003508 t $d.344
0000000000003598 t $d.346
0000000000003610 t $d.348
0000000000003688 t $d.350
0000000000003700 t $d.352
0000000000003778 t $d.354
00000000000037f0 t $d.356
0000000000003868 t $d.358
0000000000000590 t $d.36
00000000000038e0 t $d.360
0000000000003948 t $d.362
00000000000039c8 t $d.364
0000000000003a10 t $d.366
0000000000003a58 t $d.368
0000000000003aa0 t $d.370
0000000000003ae8 t $d.372
0000000000003b30 t $d.374
0000000000003b78 t $d.376
0000000000003bc0 t $d.378
00000000000005e8 t $d.38
0000000000003c08 t $d.380
0000000000003cd8 t $d.382
0000000000003d00 t $d.384
0000000000003d40 t $d.386
0000000000003df8 t $d.388
0000000000003e98 t $d.390
0000000000003ec0 t $d.392
0000000000000000 d $d.394
0000000000000000 r $d.395
0000000000000060 t $d.4
0000000000000638 t $d.40
0000000000000688 t $d.42
00000000000006d8 t $d.44
0000000000000728 t $d.46
0000000000000778 t $d.48
00000000000007c8 t $d.50
0000000000000810 t $d.52
0000000000000848 t $d.54
00000000000008b8 t $d.56
0000000000000900 t $d.58
00000000000000d0 t $d.6
0000000000000948 t $d.60
00000000000009b0 t $d.62
0000000000000a08 t $d.64
0000000000000a58 t $d.66
0000000000000aa8 t $d.68
0000000000000af8 t $d.70
0000000000000b48 t $d.72
0000000000000b98 t $d.74
0000000000000be8 t $d.76
0000000000000c30 t $d.78
0000000000000118 t $d.8
0000000000000c68 t $d.80
0000000000000d40 t $d.82
0000000000000db0 t $d.84
0000000000000dd0 t $d.86
0000000000000e40 t $d.88
0000000000000e88 t $d.90
0000000000000eb8 t $d.92
0000000000000f28 t $d.94
0000000000000f70 t $d.96
0000000000000f98 t $d.98
0000000000003ee8 t $x.0
0000000000000018 t $x.1
0000000000000fd8 t $x.101
0000000000000ff8 t $x.103
0000000000001060 t $x.105
0000000000001088 t $x.107
00000000000010f0 t $x.109
0000000000000190 t $x.11
0000000000001118 t $x.111
0000000000001180 t $x.113
00000000000011a8 t $x.115
0000000000001210 t $x.117
0000000000001238 t $x.119
00000000000012a0 t $x.121
00000000000012c8 t $x.123
0000000000001330 t $x.125
0000000000001358 t $x.127
00000000000013c0 t $x.129
00000000000001d8 t $x.13
00000000000013e8 t $x.131
0000000000001450 t $x.133
0000000000001478 t $x.135
00000000000014e0 t $x.137
0000000000001508 t $x.139
0000000000001570 t $x.141
00000000000015a0 t $x.143
0000000000001608 t $x.145
0000000000001638 t $x.147
00000000000016a0 t $x.149
0000000000000228 t $x.15
00000000000016d0 t $x.151
0000000000001738 t $x.153
0000000000001768 t $x.155
00000000000017d0 t $x.157
0000000000001800 t $x.159
0000000000001868 t $x.161
0000000000001898 t $x.163
0000000000001900 t $x.165
0000000000001930 t $x.167
0000000000001998 t $x.169
0000000000000278 t $x.17
00000000000019c8 t $x.171
0000000000001a30 t $x.173
0000000000001a58 t $x.175
0000000000001ac0 t $x.177
0000000000001b30 t $x.179
0000000000001b88 t $x.181
0000000000001bc0 t $x.183
0000000000001c10 t $x.185
0000000000001c38 t $x.187
0000000000001c60 t $x.189
00000000000002c8 t $x.19
0000000000001c98 t $x.191
0000000000001ce8 t $x.193
0000000000001d10 t $x.195
0000000000001d40 t $x.197
0000000000001dd0 t $x.199
0000000000001e50 t $x.201
0000000000001e78 t $x.203
0000000000001ea0 t $x.205
0000000000001ed8 t $x.207
0000000000001f28 t $x.209
0000000000000318 t $x.21
0000000000001f50 t $x.211
0000000000001f80 t $x.213
0000000000001fd8 t $x.215
00000000000020a0 t $x.217
0000000000002118 t $x.219
0000000000002140 t $x.221
0000000000002168 t $x.223
00000000000021e0 t $x.225
0000000000002208 t $x.227
0000000000002228 t $x.229
0000000000000368 t $x.23
0000000000002290 t $x.231
00000000000022f8 t $x.233
0000000000002360 t $x.235
00000000000023c8 t $x.237
0000000000002430 t $x.239
0000000000002498 t $x.241
0000000000002508 t $x.243
0000000000002570 t $x.245
00000000000025d8 t $x.247
0000000000002650 t $x.249
00000000000003b8 t $x.25
0000000000002688 t $x.251
0000000000002700 t $x.253
0000000000002738 t $x.255
0000000000002770 t $x.257
00000000000027a8 t $x.259
00000000000027e0 t $x.261
0000000000002818 t $x.263
0000000000002840 t $x.265
00000000000028b8 t $x.267
00000000000028f0 t $x.269
0000000000000400 t $x.27
0000000000002958 t $x.271
0000000000002ad8 t $x.273
0000000000002b20 t $x.275
0000000000002b50 t $x.277
0000000000002bd8 t $x.279
0000000000002c40 t $x.281
0000000000002c60 t $x.283
0000000000002cb0 t $x.285
0000000000002d28 t $x.287
0000000000002d48 t $x.289
0000000000000440 t $x.29
0000000000002d98 t $x.291
0000000000002e10 t $x.293
0000000000002e30 t $x.295
0000000000002e60 t $x.297
0000000000002e90 t $x.299
0000000000000048 t $x.3
0000000000002ec0 t $x.301
0000000000002f40 t $x.303
0000000000002f70 t $x.305
0000000000002fd0 t $x.307
0000000000003040 t $x.309
00000000000004a8 t $x.31
0000000000003070 t $x.311
0000000000003098 t $x.313
0000000000003118 t $x.315
0000000000003148 t $x.317
00000000000031a8 t $x.319
0000000000003218 t $x.321
0000000000003248 t $x.323
0000000000003260 t $x.325
00000000000032c8 t $x.327
0000000000003308 t $x.329
00000000000004f0 t $x.33
0000000000003368 t $x.331
00000000000033b8 t $x.333
00000000000033f0 t $x.335
0000000000003428 t $x.337
0000000000003478 t $x.339
00000000000034a8 t $x.341
00000000000034f0 t $x.343
0000000000003528 t $x.345
00000000000035b0 t $x.347
0000000000003628 t $x.349
0000000000000538 t $x.35
00000000000036a0 t $x.351
0000000000003718 t $x.353
0000000000003790 t $x.355
0000000000003808 t $x.357
0000000000003880 t $x.359
00000000000038f8 t $x.361
0000000000003960 t $x.363
00000000000039d8 t $x.365
0000000000003a20 t $x.367
0000000000003a68 t $x.369
00000000000005a0 t $x.37
0000000000003ab0 t $x.371
0000000000003af8 t $x.373
0000000000003b40 t $x.375
0000000000003b88 t $x.377
0000000000003bd0 t $x.379
0000000000003c18 t $x.381
0000000000003ce8 t $x.383
0000000000003d20 t $x.385
0000000000003d70 t $x.387
0000000000003e28 t $x.389
00000000000005f8 t $x.39
0000000000003eb0 t $x.391
0000000000003ed8 t $x.393
0000000000000648 t $x.41
0000000000000698 t $x.43
00000000000006e8 t $x.45
0000000000000738 t $x.47
0000000000000788 t $x.49
0000000000000078 t $x.5
00000000000007d8 t $x.51
0000000000000820 t $x.53
0000000000000860 t $x.55
00000000000008c8 t $x.57
0000000000000910 t $x.59
0000000000000958 t $x.61
00000000000009c0 t $x.63
0000000000000a18 t $x.65
0000000000000a68 t $x.67
0000000000000ab8 t $x.69
00000000000000e0 t $x.7
0000000000000b08 t $x.71
0000000000000b58 t $x.73
0000000000000ba8 t $x.75
0000000000000bf8 t $x.77
0000000000000c40 t $x.79
0000000000000c80 t $x.81
0000000000000d58 t $x.83
0000000000000dc0 t $x.85
0000000000000de8 t $x.87
0000000000000e50 t $x.89
0000000000000128 t $x.9
0000000000000e98 t $x.91
0000000000000ed0 t $x.93
0000000000000f38 t $x.95
0000000000000f80 t $x.97
0000000000000fb0 t $x.99
0000000000000d68 D androidzmactivityzm0zi1zm5rle8dSajfWuiaPCsWFkP_AndroidziHaskellActivity_ActivityCallbacks_closure
0000000000003ed8 T androidzmactivityzm0zi1zm5rle8dSajfWuiaPCsWFkP_AndroidziHaskellActivity_ActivityCallbacks_con_info
0000000000003ed8 T androidzmactivityzm0zi1zm5rle8dSajfWuiaPCsWFkP_AndroidziHaskellActivity_ActivityCallbacks_con_info$def
0000000000003e28 t androidzmactivityzm0zi1zm5rle8dSajfWuiaPCsWFkP_AndroidziHaskellActivity_ActivityCallbacks_info$def
0000000000000d60 D androidzmactivityzm0zi1zm5rle8dSajfWuiaPCsWFkP_AndroidziHaskellActivity_ActivityCallbacksPtrs_closure
0000000000003eb0 T androidzmactivityzm0zi1zm5rle8dSajfWuiaPCsWFkP_AndroidziHaskellActivity_ActivityCallbacksPtrs_con_info
0000000000003eb0 T androidzmactivityzm0zi1zm5rle8dSajfWuiaPCsWFkP_AndroidziHaskellActivity_ActivityCallbacksPtrs_con_info$def
0000000000003d70 t androidzmactivityzm0zi1zm5rle8dSajfWuiaPCsWFkP_AndroidziHaskellActivity_ActivityCallbacksPtrs_info$def
0000000000003d28 T androidzmactivityzm0zi1zm5rle8dSajfWuiaPCsWFkP_AndroidziHaskellActivity_ActivityCallbacksPtrs_slow
0000000000003d28 T androidzmactivityzm0zi1zm5rle8dSajfWuiaPCsWFkP_AndroidziHaskellActivity_ActivityCallbacksPtrs_slow$def
0000000000003de0 T androidzmactivityzm0zi1zm5rle8dSajfWuiaPCsWFkP_AndroidziHaskellActivity_ActivityCallbacks_slow
0000000000003de0 T androidzmactivityzm0zi1zm5rle8dSajfWuiaPCsWFkP_AndroidziHaskellActivity_ActivityCallbacks_slow$def
0000000000000d40 D androidzmactivityzm0zi1zm5rle8dSajfWuiaPCsWFkP_AndroidziHaskellActivity_continueWithCallbacks1_closure
0000000000003528 T androidzmactivityzm0zi1zm5rle8dSajfWuiaPCsWFkP_AndroidziHaskellActivity_continueWithCallbacks1_info
0000000000003528 T androidzmactivityzm0zi1zm5rle8dSajfWuiaPCsWFkP_AndroidziHaskellActivity_continueWithCallbacks1_info$def
0000000000000c00 D androidzmactivityzm0zi1zm5rle8dSajfWuiaPCsWFkP_AndroidziHaskellActivity_continueWithCallbacks2_closure
0000000000002d48 T androidzmactivityzm0zi1zm5rle8dSajfWuiaPCsWFkP_AndroidziHaskellActivity_continueWithCallbacks2_info
0000000000002d48 T androidzmactivityzm0zi1zm5rle8dSajfWuiaPCsWFkP_AndroidziHaskellActivity_continueWithCallbacks2_info$def
0000000000000163 R androidzmactivityzm0zi1zm5rle8dSajfWuiaPCsWFkP_AndroidziHaskellActivity_continueWithCallbacks3_bytes
0000000000000bf0 D androidzmactivityzm0zi1zm5rle8dSajfWuiaPCsWFkP_AndroidziHaskellActivity_continueWithCallbacks4_closure
0000000000002c60 T androidzmactivityzm0zi1zm5rle8dSajfWuiaPCsWFkP_AndroidziHaskellActivity_continueWithCallbacks4_info
0000000000002c60 T androidzmactivityzm0zi1zm5rle8dSajfWuiaPCsWFkP_AndroidziHaskellActivity_continueWithCallbacks4_info$def
0000000000000161 R androidzmactivityzm0zi1zm5rle8dSajfWuiaPCsWFkP_AndroidziHaskellActivity_continueWithCallbacks5_bytes
0000000000000d50 D androidzmactivityzm0zi1zm5rle8dSajfWuiaPCsWFkP_AndroidziHaskellActivity_continueWithCallbacks_closure
0000000000003d20 T androidzmactivityzm0zi1zm5rle8dSajfWuiaPCsWFkP_AndroidziHaskellActivity_continueWithCallbacks_info
0000000000003d20 T androidzmactivityzm0zi1zm5rle8dSajfWuiaPCsWFkP_AndroidziHaskellActivity_continueWithCallbacks_info$def
0000000000000d00 D androidzmactivityzm0zi1zm5rle8dSajfWuiaPCsWFkP_AndroidziHaskellActivity_getCacheDir1_closure
00000000000031a8 T androidzmactivityzm0zi1zm5rle8dSajfWuiaPCsWFkP_AndroidziHaskellActivity_getCacheDir1_info
00000000000031a8 T androidzmactivityzm0zi1zm5rle8dSajfWuiaPCsWFkP_AndroidziHaskellActivity_getCacheDir1_info$def
0000000000000d10 D androidzmactivityzm0zi1zm5rle8dSajfWuiaPCsWFkP_AndroidziHaskellActivity_getCacheDir_closure
0000000000003248 T androidzmactivityzm0zi1zm5rle8dSajfWuiaPCsWFkP_AndroidziHaskellActivity_getCacheDir_info
0000000000003248 T androidzmactivityzm0zi1zm5rle8dSajfWuiaPCsWFkP_AndroidziHaskellActivity_getCacheDir_info$def
0000000000000cd0 D androidzmactivityzm0zi1zm5rle8dSajfWuiaPCsWFkP_AndroidziHaskellActivity_getFilesDir1_closure
0000000000002fd0 T androidzmactivityzm0zi1zm5rle8dSajfWuiaPCsWFkP_AndroidziHaskellActivity_getFilesDir1_info
0000000000002fd0 T androidzmactivityzm0zi1zm5rle8dSajfWuiaPCsWFkP_AndroidziHaskellActivity_getFilesDir1_info$def
0000000000000ce0 D androidzmactivityzm0zi1zm5rle8dSajfWuiaPCsWFkP_AndroidziHaskellActivity_getFilesDir_closure
0000000000003070 T androidzmactivityzm0zi1zm5rle8dSajfWuiaPCsWFkP_AndroidziHaskellActivity_getFilesDir_info
0000000000003070 T androidzmactivityzm0zi1zm5rle8dSajfWuiaPCsWFkP_AndroidziHaskellActivity_getFilesDir_info$def
0000000000000be8 D androidzmactivityzm0zi1zm5rle8dSajfWuiaPCsWFkP_AndroidziHaskellActivity_getHaskellActivity_closure
0000000000002c40 T androidzmactivityzm0zi1zm5rle8dSajfWuiaPCsWFkP_AndroidziHaskellActivity_getHaskellActivity_info
0000000000002c40 T androidzmactivityzm0zi1zm5rle8dSajfWuiaPCsWFkP_AndroidziHaskellActivity_getHaskellActivity_info$def
0000000000000250 D androidzmactivityzm0zi1zm5rle8dSajfWuiaPCsWFkP_AndroidziHaskellActivity_traceActivityCallbacks10_closure
0000000000002360 T androidzmactivityzm0zi1zm5rle8dSajfWuiaPCsWFkP_AndroidziHaskellActivity_traceActivityCallbacks10_info
0000000000002360 T androidzmactivityzm0zi1zm5rle8dSajfWuiaPCsWFkP_AndroidziHaskellActivity_traceActivityCallbacks10_info$def
000000000000002b R androidzmactivityzm0zi1zm5rle8dSajfWuiaPCsWFkP_AndroidziHaskellActivity_traceActivityCallbacks11_bytes
0000000000000230 D androidzmactivityzm0zi1zm5rle8dSajfWuiaPCsWFkP_AndroidziHaskellActivity_traceActivityCallbacks12_closure
00000000000022f8 T androidzmactivityzm0zi1zm5rle8dSajfWuiaPCsWFkP_AndroidziHaskellActivity_traceActivityCallbacks12_info
00000000000022f8 T androidzmactivityzm0zi1zm5rle8dSajfWuiaPCsWFkP_AndroidziHaskellActivity_traceActivityCallbacks12_info$def
0000000000000022 R androidzmactivityzm0zi1zm5rle8dSajfWuiaPCsWFkP_AndroidziHaskellActivity_traceActivityCallbacks13_bytes
0000000000000210 D androidzmactivityzm0zi1zm5rle8dSajfWuiaPCsWFkP_AndroidziHaskellActivity_traceActivityCallbacks14_closure
0000000000002290 T androidzmactivityzm0zi1zm5rle8dSajfWuiaPCsWFkP_AndroidziHaskellActivity_traceActivityCallbacks14_info
0000000000002290 T androidzmactivityzm0zi1zm5rle8dSajfWuiaPCsWFkP_AndroidziHaskellActivity_traceActivityCallbacks14_info$def
000000000000001a R androidzmactivityzm0zi1zm5rle8dSajfWuiaPCsWFkP_AndroidziHaskellActivity_traceActivityCallbacks15_bytes
00000000000001f0 D androidzmactivityzm0zi1zm5rle8dSajfWuiaPCsWFkP_AndroidziHaskellActivity_traceActivityCallbacks16_closure
0000000000002228 T androidzmactivityzm0zi1zm5rle8dSajfWuiaPCsWFkP_AndroidziHaskellActivity_traceActivityCallbacks16_info
0000000000002228 T androidzmactivityzm0zi1zm5rle8dSajfWuiaPCsWFkP_AndroidziHaskellActivity_traceActivityCallbacks16_info$def
0000000000000011 R androidzmactivityzm0zi1zm5rle8dSajfWuiaPCsWFkP_AndroidziHaskellActivity_traceActivityCallbacks17_bytes
00000000000001e0 D androidzmactivityzm0zi1zm5rle8dSajfWuiaPCsWFkP_AndroidziHaskellActivity_traceActivityCallbacks18_closure
0000000000001f80 T androidzmactivityzm0zi1zm5rle8dSajfWuiaPCsWFkP_AndroidziHaskellActivity_traceActivityCallbacks18_info
0000000000001f80 T androidzmactivityzm0zi1zm5rle8dSajfWuiaPCsWFkP_AndroidziHaskellActivity_traceActivityCallbacks18_info$def
0000000000000180 D androidzmactivityzm0zi1zm5rle8dSajfWuiaPCsWFkP_AndroidziHaskellActivity_traceActivityCallbacks19_closure
0000000000001ac0 T androidzmactivityzm0zi1zm5rle8dSajfWuiaPCsWFkP_AndroidziHaskellActivity_traceActivityCallbacks19_info
0000000000001ac0 T androidzmactivityzm0zi1zm5rle8dSajfWuiaPCsWFkP_AndroidziHaskellActivity_traceActivityCallbacks19_info$def
00000000000002f0 D androidzmactivityzm0zi1zm5rle8dSajfWuiaPCsWFkP_AndroidziHaskellActivity_traceActivityCallbacks1_closure
0000000000002570 T androidzmactivityzm0zi1zm5rle8dSajfWuiaPCsWFkP_AndroidziHaskellActivity_traceActivityCallbacks1_info
0000000000002570 T androidzmactivityzm0zi1zm5rle8dSajfWuiaPCsWFkP_AndroidziHaskellActivity_traceActivityCallbacks1_info$def
0000000000000000 R androidzmactivityzm0zi1zm5rle8dSajfWuiaPCsWFkP_AndroidziHaskellActivity_traceActivityCallbacks20_bytes
0000000000000160 D androidzmactivityzm0zi1zm5rle8dSajfWuiaPCsWFkP_AndroidziHaskellActivity_traceActivityCallbacks21_closure
0000000000001a58 T androidzmactivityzm0zi1zm5rle8dSajfWuiaPCsWFkP_AndroidziHaskellActivity_traceActivityCallbacks21_info
0000000000001a58 T androidzmactivityzm0zi1zm5rle8dSajfWuiaPCsWFkP_AndroidziHaskellActivity_traceActivityCallbacks21_info$def
0000000000000009 R androidzmactivityzm0zi1zm5rle8dSajfWuiaPCsWFkP_AndroidziHaskellActivity_traceActivityCallbacks22_bytes
000000000000009f R androidzmactivityzm0zi1zm5rle8dSajfWuiaPCsWFkP_AndroidziHaskellActivity_traceActivityCallbacks2_bytes
00000000000002d0 D androidzmactivityzm0zi1zm5rle8dSajfWuiaPCsWFkP_AndroidziHaskellActivity_traceActivityCallbacks3_closure
0000000000002508 T androidzmactivityzm0zi1zm5rle8dSajfWuiaPCsWFkP_AndroidziHaskellActivity_traceActivityCallbacks3_info
0000000000002508 T androidzmactivityzm0zi1zm5rle8dSajfWuiaPCsWFkP_AndroidziHaskellActivity_traceActivityCallbacks3_info$def
00000000000002b0 D androidzmactivityzm0zi1zm5rle8dSajfWuiaPCsWFkP_AndroidziHaskellActivity_traceActivityCallbacks4_closure
0000000000002498 T androidzmactivityzm0zi1zm5rle8dSajfWuiaPCsWFkP_AndroidziHaskellActivity_traceActivityCallbacks4_info
0000000000002498 T androidzmactivityzm0zi1zm5rle8dSajfWuiaPCsWFkP_AndroidziHaskellActivity_traceActivityCallbacks4_info$def
0000000000000044 R androidzmactivityzm0zi1zm5rle8dSajfWuiaPCsWFkP_AndroidziHaskellActivity_traceActivityCallbacks5_bytes
0000000000000290 D androidzmactivityzm0zi1zm5rle8dSajfWuiaPCsWFkP_AndroidziHaskellActivity_traceActivityCallbacks6_closure
0000000000002430 T androidzmactivityzm0zi1zm5rle8dSajfWuiaPCsWFkP_AndroidziHaskellActivity_traceActivityCallbacks6_info
0000000000002430 T androidzmactivityzm0zi1zm5rle8dSajfWuiaPCsWFkP_AndroidziHaskellActivity_traceActivityCallbacks6_info$def
000000000000003a R androidzmactivityzm0zi1zm5rle8dSajfWuiaPCsWFkP_AndroidziHaskellActivity_traceActivityCallbacks7_bytes
0000000000000270 D androidzmactivityzm0zi1zm5rle8dSajfWuiaPCsWFkP_AndroidziHaskellActivity_traceActivityCallbacks8_closure
00000000000023c8 T androidzmactivityzm0zi1zm5rle8dSajfWuiaPCsWFkP_AndroidziHaskellActivity_traceActivityCallbacks8_info
00000000000023c8 T androidzmactivityzm0zi1zm5rle8dSajfWuiaPCsWFkP_AndroidziHaskellActivity_traceActivityCallbacks8_info$def
0000000000000033 R androidzmactivityzm0zi1zm5rle8dSajfWuiaPCsWFkP_AndroidziHaskellActivity_traceActivityCallbacks9_bytes
0000000000000468 D androidzmactivityzm0zi1zm5rle8dSajfWuiaPCsWFkP_AndroidziHaskellActivity_traceActivityCallbacks_closure
0000000000002ad8 T androidzmactivityzm0zi1zm5rle8dSajfWuiaPCsWFkP_AndroidziHaskellActivity_traceActivityCallbacks_info
0000000000002ad8 T androidzmactivityzm0zi1zm5rle8dSajfWuiaPCsWFkP_AndroidziHaskellActivity_traceActivityCallbacks_info$def
00000000000000c0 D androidzmactivityzm0zi1zm5rle8dSajfWuiaPCsWFkP_AndroidziHaskellActivity_unHaskellActivity1_closure
0000000000000fb0 T androidzmactivityzm0zi1zm5rle8dSajfWuiaPCsWFkP_AndroidziHaskellActivity_unHaskellActivity1_info
0000000000000fb0 T androidzmactivityzm0zi1zm5rle8dSajfWuiaPCsWFkP_AndroidziHaskellActivity_unHaskellActivity1_info$def
00000000000000c8 D androidzmactivityzm0zi1zm5rle8dSajfWuiaPCsWFkP_AndroidziHaskellActivity_unHaskellActivity_closure
0000000000000fd8 T androidzmactivityzm0zi1zm5rle8dSajfWuiaPCsWFkP_AndroidziHaskellActivity_unHaskellActivity_info
0000000000000fd8 T androidzmactivityzm0zi1zm5rle8dSajfWuiaPCsWFkP_AndroidziHaskellActivity_unHaskellActivity_info$def
0000000000000c08 D androidzmactivityzm0zi1zm5rle8dSajfWuiaPCsWFkP_AndroidziHaskellActivity_wrapCStringCStringIO_closure
0000000000002e10 T androidzmactivityzm0zi1zm5rle8dSajfWuiaPCsWFkP_AndroidziHaskellActivity_wrapCStringCStringIO_info
0000000000002e10 T androidzmactivityzm0zi1zm5rle8dSajfWuiaPCsWFkP_AndroidziHaskellActivity_wrapCStringCStringIO_info$def
0000000000000bf8 D androidzmactivityzm0zi1zm5rle8dSajfWuiaPCsWFkP_AndroidziHaskellActivity_wrapIO_closure
0000000000002d28 T androidzmactivityzm0zi1zm5rle8dSajfWuiaPCsWFkP_AndroidziHaskellActivity_wrapIO_info
0000000000002d28 T androidzmactivityzm0zi1zm5rle8dSajfWuiaPCsWFkP_AndroidziHaskellActivity_wrapIO_info$def
0000000000000c20 D androidzmactivityzm0zi1zm5rle8dSajfWuiaPCsWFkP_AndroidziHaskellActivity_zdfDefaultActivityCallbacks1_closure
0000000000002e90 T androidzmactivityzm0zi1zm5rle8dSajfWuiaPCsWFkP_AndroidziHaskellActivity_zdfDefaultActivityCallbacks1_info
0000000000002e90 T androidzmactivityzm0zi1zm5rle8dSajfWuiaPCsWFkP_AndroidziHaskellActivity_zdfDefaultActivityCallbacks1_info$def
0000000000000c18 D androidzmactivityzm0zi1zm5rle8dSajfWuiaPCsWFkP_AndroidziHaskellActivity_zdfDefaultActivityCallbacks2_closure
0000000000002e60 T androidzmactivityzm0zi1zm5rle8dSajfWuiaPCsWFkP_AndroidziHaskellActivity_zdfDefaultActivityCallbacks2_info
0000000000002e60 T androidzmactivityzm0zi1zm5rle8dSajfWuiaPCsWFkP_AndroidziHaskellActivity_zdfDefaultActivityCallbacks2_info$def
0000000000000c10 D androidzmactivityzm0zi1zm5rle8dSajfWuiaPCsWFkP_AndroidziHaskellActivity_zdfDefaultActivityCallbacks3_closure
0000000000002e30 T androidzmactivityzm0zi1zm5rle8dSajfWuiaPCsWFkP_AndroidziHaskellActivity_zdfDefaultActivityCallbacks3_info
0000000000002e30 T androidzmactivityzm0zi1zm5rle8dSajfWuiaPCsWFkP_AndroidziHaskellActivity_zdfDefaultActivityCallbacks3_info$def
0000000000000c90 D androidzmactivityzm0zi1zm5rle8dSajfWuiaPCsWFkP_AndroidziHaskellActivity_zdfDefaultActivityCallbacks_closure
0000000000000c30 D androidzmactivityzm0zi1zm5rle8dSajfWuiaPCsWFkP_AndroidziHaskellActivity_zdfDefaultActivityCallbackszuzdcdef_closure
0000000000000030 D androidzmactivityzm0zi1zm5rle8dSajfWuiaPCsWFkP_AndroidziHaskellActivity_zdfStorableActivityCallbacksPtrs1_closure
0000000000000078 T androidzmactivityzm0zi1zm5rle8dSajfWuiaPCsWFkP_AndroidziHaskellActivity_zdfStorableActivityCallbacksPtrs1_info
0000000000000078 T androidzmactivityzm0zi1zm5rle8dSajfWuiaPCsWFkP_AndroidziHaskellActivity_zdfStorableActivityCallbacksPtrs1_info$def
0000000000000050 D androidzmactivityzm0zi1zm5rle8dSajfWuiaPCsWFkP_AndroidziHaskellActivity_zdfStorableActivityCallbacksPtrs2_closure
0000000000000d58 T androidzmactivityzm0zi1zm5rle8dSajfWuiaPCsWFkP_AndroidziHaskellActivity_zdfStorableActivityCallbacksPtrs2_info
0000000000000d58 T androidzmactivityzm0zi1zm5rle8dSajfWuiaPCsWFkP_AndroidziHaskellActivity_zdfStorableActivityCallbacksPtrs2_info$def
0000000000000040 D androidzmactivityzm0zi1zm5rle8dSajfWuiaPCsWFkP_AndroidziHaskellActivity_zdfStorableActivityCallbacksPtrs3_closure
0000000000000860 T androidzmactivityzm0zi1zm5rle8dSajfWuiaPCsWFkP_AndroidziHaskellActivity_zdfStorableActivityCallbacksPtrs3_info
0000000000000860 T androidzmactivityzm0zi1zm5rle8dSajfWuiaPCsWFkP_AndroidziHaskellActivity_zdfStorableActivityCallbacksPtrs3_info$def
0000000000000060 D androidzmactivityzm0zi1zm5rle8dSajfWuiaPCsWFkP_AndroidziHaskellActivity_zdfStorableActivityCallbacksPtrs4_closure
0000000000000ed0 T androidzmactivityzm0zi1zm5rle8dSajfWuiaPCsWFkP_AndroidziHaskellActivity_zdfStorableActivityCallbacksPtrs4_info
0000000000000ed0 T androidzmactivityzm0zi1zm5rle8dSajfWuiaPCsWFkP_AndroidziHaskellActivity_zdfStorableActivityCallbacksPtrs4_info$def
0000000000000038 D androidzmactivityzm0zi1zm5rle8dSajfWuiaPCsWFkP_AndroidziHaskellActivity_zdfStorableActivityCallbacksPtrs5_closure
0000000000000440 T androidzmactivityzm0zi1zm5rle8dSajfWuiaPCsWFkP_AndroidziHaskellActivity_zdfStorableActivityCallbacksPtrs5_info
0000000000000440 T androidzmactivityzm0zi1zm5rle8dSajfWuiaPCsWFkP_AndroidziHaskellActivity_zdfStorableActivityCallbacksPtrs5_info$def
0000000000000058 D androidzmactivityzm0zi1zm5rle8dSajfWuiaPCsWFkP_AndroidziHaskellActivity_zdfStorableActivityCallbacksPtrs6_closure
0000000000000de8 T androidzmactivityzm0zi1zm5rle8dSajfWuiaPCsWFkP_AndroidziHaskellActivity_zdfStorableActivityCallbacksPtrs6_info
0000000000000de8 T androidzmactivityzm0zi1zm5rle8dSajfWuiaPCsWFkP_AndroidziHaskellActivity_zdfStorableActivityCallbacksPtrs6_info$def
0000000000000000 D androidzmactivityzm0zi1zm5rle8dSajfWuiaPCsWFkP_AndroidziHaskellActivity_zdfStorableActivityCallbacksPtrs7_closure
0000000000000018 D androidzmactivityzm0zi1zm5rle8dSajfWuiaPCsWFkP_AndroidziHaskellActivity_zdfStorableActivityCallbacksPtrs8_closure
0000000000000070 D androidzmactivityzm0zi1zm5rle8dSajfWuiaPCsWFkP_AndroidziHaskellActivity_zdfStorableActivityCallbacksPtrs_closure
0000000000000010 D androidzmactivityzm0zi1zm5rle8dSajfWuiaPCsWFkP_AndroidziHaskellActivity_zdfStorableActivityCallbacksPtrszuzdcalignment_closure
0000000000000018 T androidzmactivityzm0zi1zm5rle8dSajfWuiaPCsWFkP_AndroidziHaskellActivity_zdfStorableActivityCallbacksPtrszuzdcalignment_info
0000000000000018 T androidzmactivityzm0zi1zm5rle8dSajfWuiaPCsWFkP_AndroidziHaskellActivity_zdfStorableActivityCallbacksPtrszuzdcalignment_info$def
0000000000000028 D androidzmactivityzm0zi1zm5rle8dSajfWuiaPCsWFkP_AndroidziHaskellActivity_zdfStorableActivityCallbacksPtrszuzdcsizzeOf_closure
0000000000000048 T androidzmactivityzm0zi1zm5rle8dSajfWuiaPCsWFkP_AndroidziHaskellActivity_zdfStorableActivityCallbacksPtrszuzdcsizzeOf_info
0000000000000048 T androidzmactivityzm0zi1zm5rle8dSajfWuiaPCsWFkP_AndroidziHaskellActivity_zdfStorableActivityCallbacksPtrszuzdcsizzeOf_info$def
0000000000000820 D androidzmactivityzm0zi1zm5rle8dSajfWuiaPCsWFkP_AndroidziHaskellActivity_zdtcActivityCallbacks1_closure
000000000000010f R androidzmactivityzm0zi1zm5rle8dSajfWuiaPCsWFkP_AndroidziHaskellActivity_zdtcActivityCallbacks2_bytes
0000000000000830 D androidzmactivityzm0zi1zm5rle8dSajfWuiaPCsWFkP_AndroidziHaskellActivity_zdtcActivityCallbacks_closure
0000000000000a00 D androidzmactivityzm0zi1zm5rle8dSajfWuiaPCsWFkP_AndroidziHaskellActivity_zdtcActivityCallbacksPtrs1_closure
0000000000000134 R androidzmactivityzm0zi1zm5rle8dSajfWuiaPCsWFkP_AndroidziHaskellActivity_zdtcActivityCallbacksPtrs2_bytes
0000000000000a10 D androidzmactivityzm0zi1zm5rle8dSajfWuiaPCsWFkP_AndroidziHaskellActivity_zdtcActivityCallbacksPtrs_closure
0000000000000700 D androidzmactivityzm0zi1zm5rle8dSajfWuiaPCsWFkP_AndroidziHaskellActivity_zdtcHaskellActivity1_closure
00000000000000ee R androidzmactivityzm0zi1zm5rle8dSajfWuiaPCsWFkP_AndroidziHaskellActivity_zdtcHaskellActivity2_bytes
0000000000000710 D androidzmactivityzm0zi1zm5rle8dSajfWuiaPCsWFkP_AndroidziHaskellActivity_zdtcHaskellActivity_closure
0000000000000990 D androidzmactivityzm0zi1zm5rle8dSajfWuiaPCsWFkP_AndroidziHaskellActivity_zdtczqActivityCallbacks1_closure
00000000000009b0 D androidzmactivityzm0zi1zm5rle8dSajfWuiaPCsWFkP_AndroidziHaskellActivity_zdtczqActivityCallbacks2_closure
0000000000000121 R androidzmactivityzm0zi1zm5rle8dSajfWuiaPCsWFkP_AndroidziHaskellActivity_zdtczqActivityCallbacks3_bytes
00000000000009c0 D androidzmactivityzm0zi1zm5rle8dSajfWuiaPCsWFkP_AndroidziHaskellActivity_zdtczqActivityCallbacks_closure
0000000000000b70 D androidzmactivityzm0zi1zm5rle8dSajfWuiaPCsWFkP_AndroidziHaskellActivity_zdtczqActivityCallbacksPtrs1_closure
0000000000000b90 D androidzmactivityzm0zi1zm5rle8dSajfWuiaPCsWFkP_AndroidziHaskellActivity_zdtczqActivityCallbacksPtrs2_closure
000000000000014a R androidzmactivityzm0zi1zm5rle8dSajfWuiaPCsWFkP_AndroidziHaskellActivity_zdtczqActivityCallbacksPtrs3_bytes
0000000000000ba0 D androidzmactivityzm0zi1zm5rle8dSajfWuiaPCsWFkP_AndroidziHaskellActivity_zdtczqActivityCallbacksPtrs_closure
00000000000007b0 D androidzmactivityzm0zi1zm5rle8dSajfWuiaPCsWFkP_AndroidziHaskellActivity_zdtczqHaskellActivity1_closure
00000000000007d0 D androidzmactivityzm0zi1zm5rle8dSajfWuiaPCsWFkP_AndroidziHaskellActivity_zdtczqHaskellActivity2_closure
00000000000000fe R androidzmactivityzm0zi1zm5rle8dSajfWuiaPCsWFkP_AndroidziHaskellActivity_zdtczqHaskellActivity3_bytes
00000000000007e0 D androidzmactivityzm0zi1zm5rle8dSajfWuiaPCsWFkP_AndroidziHaskellActivity_zdtczqHaskellActivity_closure
0000000000000488 D androidzmactivityzm0zi1zm5rle8dSajfWuiaPCsWFkP_AndroidziHaskellActivity_zdtrModule1_closure
00000000000000d6 R androidzmactivityzm0zi1zm5rle8dSajfWuiaPCsWFkP_AndroidziHaskellActivity_zdtrModule2_bytes
0000000000000478 D androidzmactivityzm0zi1zm5rle8dSajfWuiaPCsWFkP_AndroidziHaskellActivity_zdtrModule3_closure
00000000000000ab R androidzmactivityzm0zi1zm5rle8dSajfWuiaPCsWFkP_AndroidziHaskellActivity_zdtrModule4_bytes
00000000000004a0 D androidzmactivityzm0zi1zm5rle8dSajfWuiaPCsWFkP_AndroidziHaskellActivity_zdtrModule_closure
0000000000000cf0 D androidzmactivityzm0zi1zm5rle8dSajfWuiaPCsWFkP_AndroidziHaskellActivity_zdwgetCacheDir_closure
0000000000003098 T androidzmactivityzm0zi1zm5rle8dSajfWuiaPCsWFkP_AndroidziHaskellActivity_zdwgetCacheDir_info
0000000000003098 T androidzmactivityzm0zi1zm5rle8dSajfWuiaPCsWFkP_AndroidziHaskellActivity_zdwgetCacheDir_info$def
0000000000000cb0 D androidzmactivityzm0zi1zm5rle8dSajfWuiaPCsWFkP_AndroidziHaskellActivity_zdwgetFilesDir_closure
0000000000002ec0 T androidzmactivityzm0zi1zm5rle8dSajfWuiaPCsWFkP_AndroidziHaskellActivity_zdwgetFilesDir_info
0000000000002ec0 T androidzmactivityzm0zi1zm5rle8dSajfWuiaPCsWFkP_AndroidziHaskellActivity_zdwgetFilesDir_info$def
0000000000000410 D androidzmactivityzm0zi1zm5rle8dSajfWuiaPCsWFkP_AndroidziHaskellActivity_zdwtraceActivityCallbacks_closure
0000000000002958 T androidzmactivityzm0zi1zm5rle8dSajfWuiaPCsWFkP_AndroidziHaskellActivity_zdwtraceActivityCallbacks_info
0000000000002958 T androidzmactivityzm0zi1zm5rle8dSajfWuiaPCsWFkP_AndroidziHaskellActivity_zdwtraceActivityCallbacks_info$def
0000000000000048 D androidzmactivityzm0zi1zm5rle8dSajfWuiaPCsWFkP_AndroidziHaskellActivity_zdwzdcpeek_closure
0000000000000c80 T androidzmactivityzm0zi1zm5rle8dSajfWuiaPCsWFkP_AndroidziHaskellActivity_zdwzdcpeek_info
0000000000000c80 T androidzmactivityzm0zi1zm5rle8dSajfWuiaPCsWFkP_AndroidziHaskellActivity_zdwzdcpeek_info$def
0000000000000120 D androidzmactivityzm0zi1zm5rle8dSajfWuiaPCsWFkP_AndroidziHaskellActivity_zuactivityCallbacksPtrszuonBackPressed_closure
00000000000015a0 T androidzmactivityzm0zi1zm5rle8dSajfWuiaPCsWFkP_AndroidziHaskellActivity_zuactivityCallbacksPtrszuonBackPressed_info
00000000000015a0 T androidzmactivityzm0zi1zm5rle8dSajfWuiaPCsWFkP_AndroidziHaskellActivity_zuactivityCallbacksPtrszuonBackPressed_info$def
0000000000000158 D androidzmactivityzm0zi1zm5rle8dSajfWuiaPCsWFkP_AndroidziHaskellActivity_zuactivityCallbacksPtrszuonCreate_closure
00000000000019c8 T androidzmactivityzm0zi1zm5rle8dSajfWuiaPCsWFkP_AndroidziHaskellActivity_zuactivityCallbacksPtrszuonCreate_info
00000000000019c8 T androidzmactivityzm0zi1zm5rle8dSajfWuiaPCsWFkP_AndroidziHaskellActivity_zuactivityCallbacksPtrszuonCreate_info$def
0000000000000130 D androidzmactivityzm0zi1zm5rle8dSajfWuiaPCsWFkP_AndroidziHaskellActivity_zuactivityCallbacksPtrszuonDestroy_closure
00000000000016d0 T androidzmactivityzm0zi1zm5rle8dSajfWuiaPCsWFkP_AndroidziHaskellActivity_zuactivityCallbacksPtrszuonDestroy_info
00000000000016d0 T androidzmactivityzm0zi1zm5rle8dSajfWuiaPCsWFkP_AndroidziHaskellActivity_zuactivityCallbacksPtrszuonDestroy_info$def
0000000000000118 D androidzmactivityzm0zi1zm5rle8dSajfWuiaPCsWFkP_AndroidziHaskellActivity_zuactivityCallbacksPtrszuonNewIntent_closure
0000000000001508 T androidzmactivityzm0zi1zm5rle8dSajfWuiaPCsWFkP_AndroidziHaskellActivity_zuactivityCallbacksPtrszuonNewIntent_info
0000000000001508 T androidzmactivityzm0zi1zm5rle8dSajfWuiaPCsWFkP_AndroidziHaskellActivity_zuactivityCallbacksPtrszuonNewIntent_info$def
0000000000000140 D androidzmactivityzm0zi1zm5rle8dSajfWuiaPCsWFkP_AndroidziHaskellActivity_zuactivityCallbacksPtrszuonPause_closure
0000000000001800 T androidzmactivityzm0zi1zm5rle8dSajfWuiaPCsWFkP_AndroidziHaskellActivity_zuactivityCallbacksPtrszuonPause_info
0000000000001800 T androidzmactivityzm0zi1zm5rle8dSajfWuiaPCsWFkP_AndroidziHaskellActivity_zuactivityCallbacksPtrszuonPause_info$def
0000000000000128 D androidzmactivityzm0zi1zm5rle8dSajfWuiaPCsWFkP_AndroidziHaskellActivity_zuactivityCallbacksPtrszuonRestart_closure
0000000000001638 T androidzmactivityzm0zi1zm5rle8dSajfWuiaPCsWFkP_AndroidziHaskellActivity_zuactivityCallbacksPtrszuonRestart_info
0000000000001638 T androidzmactivityzm0zi1zm5rle8dSajfWuiaPCsWFkP_AndroidziHaskellActivity_zuactivityCallbacksPtrszuonRestart_info$def
0000000000000148 D androidzmactivityzm0zi1zm5rle8dSajfWuiaPCsWFkP_AndroidziHaskellActivity_zuactivityCallbacksPtrszuonResume_closure
0000000000001898 T androidzmactivityzm0zi1zm5rle8dSajfWuiaPCsWFkP_AndroidziHaskellActivity_zuactivityCallbacksPtrszuonResume_info
0000000000001898 T androidzmactivityzm0zi1zm5rle8dSajfWuiaPCsWFkP_AndroidziHaskellActivity_zuactivityCallbacksPtrszuonResume_info$def
0000000000000150 D androidzmactivityzm0zi1zm5rle8dSajfWuiaPCsWFkP_AndroidziHaskellActivity_zuactivityCallbacksPtrszuonStart_closure
0000000000001930 T androidzmactivityzm0zi1zm5rle8dSajfWuiaPCsWFkP_AndroidziHaskellActivity_zuactivityCallbacksPtrszuonStart_info
0000000000001930 T androidzmactivityzm0zi1zm5rle8dSajfWuiaPCsWFkP_AndroidziHaskellActivity_zuactivityCallbacksPtrszuonStart_info$def
0000000000000138 D androidzmactivityzm0zi1zm5rle8dSajfWuiaPCsWFkP_AndroidziHaskellActivity_zuactivityCallbacksPtrszuonStop_closure
0000000000001768 T androidzmactivityzm0zi1zm5rle8dSajfWuiaPCsWFkP_AndroidziHaskellActivity_zuactivityCallbacksPtrszuonStop_info
0000000000001768 T androidzmactivityzm0zi1zm5rle8dSajfWuiaPCsWFkP_AndroidziHaskellActivity_zuactivityCallbacksPtrszuonStop_info$def
00000000000000d8 D androidzmactivityzm0zi1zm5rle8dSajfWuiaPCsWFkP_AndroidziHaskellActivity_zuactivityCallbackszuonBackPressed_closure
0000000000001088 T androidzmactivityzm0zi1zm5rle8dSajfWuiaPCsWFkP_AndroidziHaskellActivity_zuactivityCallbackszuonBackPressed_info
0000000000001088 T androidzmactivityzm0zi1zm5rle8dSajfWuiaPCsWFkP_AndroidziHaskellActivity_zuactivityCallbackszuonBackPressed_info$def
0000000000000110 D androidzmactivityzm0zi1zm5rle8dSajfWuiaPCsWFkP_AndroidziHaskellActivity_zuactivityCallbackszuonCreate_closure
0000000000001478 T androidzmactivityzm0zi1zm5rle8dSajfWuiaPCsWFkP_AndroidziHaskellActivity_zuactivityCallbackszuonCreate_info
0000000000001478 T androidzmactivityzm0zi1zm5rle8dSajfWuiaPCsWFkP_AndroidziHaskellActivity_zuactivityCallbackszuonCreate_info$def
00000000000000e8 D androidzmactivityzm0zi1zm5rle8dSajfWuiaPCsWFkP_AndroidziHaskellActivity_zuactivityCallbackszuonDestroy_closure
00000000000011a8 T androidzmactivityzm0zi1zm5rle8dSajfWuiaPCsWFkP_AndroidziHaskellActivity_zuactivityCallbackszuonDestroy_info
00000000000011a8 T androidzmactivityzm0zi1zm5rle8dSajfWuiaPCsWFkP_AndroidziHaskellActivity_zuactivityCallbackszuonDestroy_info$def
00000000000000d0 D androidzmactivityzm0zi1zm5rle8dSajfWuiaPCsWFkP_AndroidziHaskellActivity_zuactivityCallbackszuonNewIntent_closure
0000000000000ff8 T androidzmactivityzm0zi1zm5rle8dSajfWuiaPCsWFkP_AndroidziHaskellActivity_zuactivityCallbackszuonNewIntent_info
0000000000000ff8 T androidzmactivityzm0zi1zm5rle8dSajfWuiaPCsWFkP_AndroidziHaskellActivity_zuactivityCallbackszuonNewIntent_info$def
00000000000000f8 D androidzmactivityzm0zi1zm5rle8dSajfWuiaPCsWFkP_AndroidziHaskellActivity_zuactivityCallbackszuonPause_closure
00000000000012c8 T androidzmactivityzm0zi1zm5rle8dSajfWuiaPCsWFkP_AndroidziHaskellActivity_zuactivityCallbackszuonPause_info
00000000000012c8 T androidzmactivityzm0zi1zm5rle8dSajfWuiaPCsWFkP_AndroidziHaskellActivity_zuactivityCallbackszuonPause_info$def
00000000000000e0 D androidzmactivityzm0zi1zm5rle8dSajfWuiaPCsWFkP_AndroidziHaskellActivity_zuactivityCallbackszuonRestart_closure
0000000000001118 T androidzmactivityzm0zi1zm5rle8dSajfWuiaPCsWFkP_AndroidziHaskellActivity_zuactivityCallbackszuonRestart_info
0000000000001118 T androidzmactivityzm0zi1zm5rle8dSajfWuiaPCsWFkP_AndroidziHaskellActivity_zuactivityCallbackszuonRestart_info$def
0000000000000100 D androidzmactivityzm0zi1zm5rle8dSajfWuiaPCsWFkP_AndroidziHaskellActivity_zuactivityCallbackszuonResume_closure
0000000000001358 T androidzmactivityzm0zi1zm5rle8dSajfWuiaPCsWFkP_AndroidziHaskellActivity_zuactivityCallbackszuonResume_info
0000000000001358 T androidzmactivityzm0zi1zm5rle8dSajfWuiaPCsWFkP_AndroidziHaskellActivity_zuactivityCallbackszuonResume_info$def
0000000000000108 D androidzmactivityzm0zi1zm5rle8dSajfWuiaPCsWFkP_AndroidziHaskellActivity_zuactivityCallbackszuonStart_closure
00000000000013e8 T androidzmactivityzm0zi1zm5rle8dSajfWuiaPCsWFkP_AndroidziHaskellActivity_zuactivityCallbackszuonStart_info
00000000000013e8 T androidzmactivityzm0zi1zm5rle8dSajfWuiaPCsWFkP_AndroidziHaskellActivity_zuactivityCallbackszuonStart_info$def
00000000000000f0 D androidzmactivityzm0zi1zm5rle8dSajfWuiaPCsWFkP_AndroidziHaskellActivity_zuactivityCallbackszuonStop_closure
0000000000001238 T androidzmactivityzm0zi1zm5rle8dSajfWuiaPCsWFkP_AndroidziHaskellActivity_zuactivityCallbackszuonStop_info
0000000000001238 T androidzmactivityzm0zi1zm5rle8dSajfWuiaPCsWFkP_AndroidziHaskellActivity_zuactivityCallbackszuonStop_info$def
                 U base_ControlziExceptionziBase_recConError_closure
                 U base_ControlziExceptionziBase_recConError_info
                 U base_DebugziTrace_putTraceMsg1_closure
                 U base_DebugziTrace_putTraceMsg1_info
                 U base_ForeignziCziTypes_zdtcCChar_closure
                 U base_ForeignziMarshalziAlloc_malloc1_closure
                 U base_ForeignziStorable_CZCStorable_con_info
                 U base_GHCziBase_zpzp_info
                 U base_GHCziForeign_zdwpeekCString_closure
                 U base_GHCziForeign_zdwpeekCString_info
                 U base_GHCziIOziEncoding_getForeignEncoding_closure
                 U base_GHCziMaybe_Just_con_info
                 U base_GHCziMaybe_Nothing_closure
                 U base_GHCziPtr_FunPtr_con_info
                 U base_GHCziPtr_Ptr_con_info
                 U base_GHCziPtr_zdtcFunPtr_closure
                 U base_GHCziPtr_zdtcPtr_closure
                 U base_GHCziTopHandler_runIO_closure
00000000000000e0 t c603_info$def
0000000000000128 t c609_info$def
0000000000000190 t c60e_info$def
00000000000002c8 t c60H_info$def
00000000000001d8 t c60j_info$def
0000000000000318 t c60P_info$def
0000000000000228 t c60r_info$def
0000000000000368 t c60X_info$def
0000000000000278 t c60z_info$def
00000000000003b8 t c615_info$def
0000000000000400 t c61d_info$def
0000000000000538 t c69A_info$def
00000000000005a0 t c69F_info$def
00000000000004a8 t c69p_info$def
00000000000005f8 t c69Q_info$def
00000000000004f0 t c69v_info$def
0000000000000648 t c69Y_info$def
0000000000000698 t c6a6_info$def
0000000000000f38 t c6A6_info$def
00000000000007d8 t c6aC_info$def
0000000000000f80 t c6Ac_info$def
00000000000006e8 t c6ae_info$def
0000000000000820 t c6aK_info$def
0000000000000738 t c6am_info$def
0000000000000788 t c6au_info$def
0000000000001060 t c6C7_info$def
00000000000010f0 t c6D7_info$def
0000000000001180 t c6E7_info$def
0000000000001210 t c6F7_info$def
00000000000012a0 t c6G7_info$def
0000000000001330 t c6H7_info$def
00000000000013c0 t c6I7_info$def
0000000000001450 t c6J7_info$def
0000000000000910 t c6jE_info$def
0000000000000958 t c6jJ_info$def
00000000000009c0 t c6jO_info$def
0000000000000a18 t c6jW_info$def
00000000000008c8 t c6jy_info$def
0000000000000a68 t c6k4_info$def
00000000000014e0 t c6K7_info$def
0000000000000ba8 t c6kA_info$def
0000000000000ab8 t c6kc_info$def
0000000000000bf8 t c6kI_info$def
0000000000000b08 t c6kk_info$def
0000000000000c40 t c6kQ_info$def
0000000000000b58 t c6ks_info$def
0000000000001570 t c6L7_info$def
0000000000001608 t c6Mc_info$def
00000000000016a0 t c6Nh_info$def
0000000000001738 t c6Om_info$def
00000000000017d0 t c6Pr_info$def
0000000000001868 t c6Qw_info$def
0000000000001900 t c6RB_info$def
0000000000001998 t c6SG_info$def
0000000000001a30 t c6TL_info$def
0000000000002168 t c6WO_info$def
0000000000001c10 t c6WV_info$def
0000000000001fd8 t c6Ww_info$def
0000000000001e50 t c6XH_info$def
0000000000001e78 t c6XJ_info$def
0000000000001dd0 t c6Xm_info$def
0000000000000dc0 t c6xs_info$def
0000000000001ce8 t c6Xt_info$def
00000000000020a0 t c6Y3_info$def
0000000000001f28 t c6Ya_info$def
0000000000002208 t c6YA_info$def
0000000000002118 t c6YH_info$def
0000000000002140 t c6YJ_info$def
0000000000000e50 t c6yp_info$def
0000000000000e98 t c6yv_info$def
00000000000021e0 t c6Yy_info$def
0000000000003118 t c7Be_info$def
0000000000003148 t c7Bg_info$def
0000000000003218 t c7D3_info$def
0000000000003790 t c7EA_info$def
0000000000003808 t c7ED_info$def
00000000000032c8 t c7Ee_info$def
0000000000003880 t c7EG_info$def
00000000000038f8 t c7EJ_info$def
00000000000035b0 t c7Eo_info$def
0000000000003368 t c7EQ_info$def
0000000000003628 t c7Er_info$def
00000000000033b8 t c7ES_info$def
00000000000036a0 t c7Eu_info$def
0000000000003718 t c7Ex_info$def
00000000000033f0 t c7EY_info$def
0000000000003428 t c7F0_info$def
0000000000003478 t c7F2_info$def
00000000000034a8 t c7F7_info$def
00000000000034f0 t c7F9_info$def
0000000000003960 t c7Fq_info$def
00000000000039d8 t c7G4_info$def
0000000000003a20 t c7G9_info$def
0000000000003b40 t c7GF_info$def
0000000000003a68 t c7Gh_info$def
0000000000003b88 t c7GN_info$def
0000000000003ab0 t c7Gp_info$def
0000000000003bd0 t c7GV_info$def
0000000000003af8 t c7Gx_info$def
0000000000003c18 t c7H3_info$def
0000000000002650 t c7hd_info$def
0000000000003ce8 t c7Hm_info$def
00000000000028b8 t c7it_info$def
0000000000002b20 t c7qC_info$def
0000000000002b50 t c7qD_info$def
0000000000002cb0 t c7u0_info$def
0000000000002d98 t c7vD_info$def
0000000000002f40 t c7y7_info$def
0000000000002f70 t c7y9_info$def
0000000000003040 t c7zW_info$def
                 U createAdjustor
                 U ghczmprim_GHCziCString_unpackCStringzh_info
                 U ghczmprim_GHCziTuple_Z0T_closure
                 U ghczmprim_GHCziTuple_zdtcZLZR_closure
                 U ghczmprim_GHCziTypes_Izh_con_info
                 U ghczmprim_GHCziTypes_KindRepFun_con_info
                 U ghczmprim_GHCziTypes_KindRepTyConApp_con_info
                 U ghczmprim_GHCziTypes_krepzdzt_closure
                 U ghczmprim_GHCziTypes_Module_con_info
                 U ghczmprim_GHCziTypes_TrNameS_con_info
                 U ghczmprim_GHCziTypes_TyCon_con_info
                 U ghczmprim_GHCziTypes_ZC_con_info
                 U ghczmprim_GHCziTypes_zdtcChar_closure
                 U ghczmprim_GHCziTypes_zdtcIO_closure
                 U ghczmprim_GHCziTypes_zdtcZMZN_closure
                 U ghczmprim_GHCziTypes_ZMZN_closure
                 U HaskellActivity_continueWithCallbacks
                 U HaskellActivity_get
                 U HaskellActivity_getCacheDir
                 U HaskellActivity_getFilesDir
0000000000000167 r i833_str$def
00000000000001c0 r i83d_str$def
                 U malloc
                 U newCAF
0000000000000520 d r5JA_closure$def
0000000000000540 d r5JB_closure$def
0000000000000560 d r5JC_closure$def
0000000000000580 d r5JD_closure$def
00000000000005a0 d r5JE_closure$def
00000000000005c0 d r5JF_closure$def
00000000000005e0 d r5JG_closure$def
0000000000000600 d r5JH_closure$def
0000000000000620 d r5JI_closure$def
0000000000000640 d r5JJ_closure$def
0000000000000660 d r5JK_closure$def
0000000000000680 d r5JL_closure$def
00000000000006a0 d r5JM_closure$def
00000000000006c0 d r5JN_closure$def
00000000000006e0 d r5JO_closure$def
0000000000000750 d r5JP_closure$def
0000000000000770 d r5JQ_closure$def
0000000000000790 d r5JR_closure$def
0000000000000870 d r5JS_closure$def
0000000000000890 d r5JT_closure$def
00000000000008b0 d r5JU_closure$def
00000000000008d0 d r5JV_closure$def
000000000000004e r r5Jw_bytes$def
00000000000008f0 d r5JW_closure$def
00000000000004c0 d r5Jx_closure$def
0000000000000910 d r5JX_closure$def
00000000000004e0 d r5Jy_closure$def
0000000000000930 d r5JY_closure$def
0000000000000500 d r5Jz_closure$def
0000000000000950 d r5JZ_closure$def
0000000000000970 d r5K0_closure$def
0000000000000a50 d r5K1_closure$def
0000000000000a70 d r5K2_closure$def
0000000000000a90 d r5K3_closure$def
0000000000000ab0 d r5K4_closure$def
0000000000000ad0 d r5K5_closure$def
0000000000000af0 d r5K6_closure$def
0000000000000b10 d r5K7_closure$def
0000000000000b30 d r5K8_closure$def
0000000000000b50 d r5K9_closure$def
0000000000000be0 d r5Ka_closure$def
0000000000002bd8 t r5Ka_info$def
                 U resumeThread
                 U rts_apply
                 U rts_checkSchedStatus
                 U rts_evalIO
                 U rts_lock
                 U rts_mkPtr
                 U rts_unlock
0000000000001b30 t s5SE_info$def
0000000000001b88 t s5SG_info$def
0000000000001c38 t s5SK_info$def
0000000000001bc0 t s5SQ_info$def
0000000000001c60 t s5SY_info$def
0000000000001d10 t s5T2_info$def
0000000000001c98 t s5T8_info$def
0000000000001d40 t s5Tf_info$def
0000000000001ea0 t s5Tg_info$def
0000000000001f50 t s5Tk_info$def
0000000000002840 t s5TK_info$def
00000000000028f0 t s5TL_info$def
0000000000001ed8 t s5Tq_info$def
0000000000002818 t s5TX_info$def
00000000000027e0 t s5U9_info$def
0000000000002738 t s5UJ_info$def
00000000000027a8 t s5Ul_info$def
0000000000002700 t s5UV_info$def
0000000000002770 t s5Ux_info$def
00000000000025d8 t s5V9_info$def
0000000000002688 t s5Va_info$def
0000000000003260 t s5WE_info$def
0000000000003308 t s5YL_info$def
                 U stable_ptr_table
                 U stg_ap_0_fast
                 U stg_ap_p_fast
                 U stg_ap_pp_fast
                 U stg_ap_ppv_fast
                 U stg_ap_v_fast
                 U stg_bh_upd_frame_info
                 U stg_catchzh
                 U stg_gc_noregs
                 U stg_gc_unbx_r1
                 U stg_gc_unpt_r1
                 U stg_getMaskingStatezh
                 U stg_IND_STATIC_info
                 U stg_makeStablePtrzh
                 U stg_maskAsyncExceptionszh
                 U stg_maskUninterruptiblezh
                 U stg_raiseIOzh
                 U stg_sel_1_upd_info
                 U stg_sel_2_upd_info
                 U stg_sel_3_upd_info
                 U stg_sel_4_upd_info
                 U stg_sel_5_upd_info
                 U stg_sel_6_upd_info
                 U stg_sel_7_upd_info
                 U stg_SRT_2_info
                 U stg_unmaskAsyncExceptionszh
                 U stg_upd_frame_info
                 U suspendThread
00000000000001a0 d u6YQ_srt$def
00000000000001c0 d u6YR_srt$def
0000000000000d20 d u7HI_srt$def
0000000000000310 d u7iN_srt$def
0000000000000330 d u7iO_srt$def
0000000000000350 d u7iP_srt$def
0000000000000370 d u7iQ_srt$def
0000000000000390 d u7iR_srt$def
00000000000003b0 d u7iS_srt$def
00000000000003d0 d u7iT_srt$def
00000000000003f0 d u7iU_srt$def
0000000000003ee8 T zdandroidzmactivityzm0zi1zm5rle8dSajfWuiaPCsWFkPzdAndroidziHaskellActivityzdandroidzzmactivityzzm0zzi1zzm5rle8dSajfWuiaPCsWFkPzuAndroidzziHaskellActivityzuwrapCStringCStringIO
0000000000003fb0 T zdandroidzmactivityzm0zi1zm5rle8dSajfWuiaPCsWFkPzdAndroidziHaskellActivityzdandroidzzmactivityzzm0zzi1zzm5rle8dSajfWuiaPCsWFkPzuAndroidzziHaskellActivityzuwrapIO

HaskellActivity.o:
0000000000000000 b $d.1
0000000000000000 r $d.2
0000000000000000 d $d.3
0000000000000000 n $d.4
0000000000000000 t $x.0
                 U __android_log_write
                 U __assert2
00000000000001a0 T copyToCString
                 U defaultRtsConfig
                 U dup2
                 U exitFn
0000000000000140 T getJNIEnv
0000000000000008 b haskellActivity
000000000000073c T HaskellActivity_continueWithCallbacks
0000000000000134 T HaskellActivity_get
0000000000000510 T HaskellActivity_getCacheDir
00000000000002e4 T HaskellActivity_getFilesDir
0000000000000000 B HaskellActivity_jvm
                 U hs_main
0000000000000234 T java_io_File_getPath
0000000000000070 T Java_systems_obsidian_HaskellActivity_haskellOnBackPressed
0000000000000000 T Java_systems_obsidian_HaskellActivity_haskellOnCreate
0000000000000050 T Java_systems_obsidian_HaskellActivity_haskellOnDestroy
0000000000000080 T Java_systems_obsidian_HaskellActivity_haskellOnNewIntent
0000000000000030 T Java_systems_obsidian_HaskellActivity_haskellOnPause
0000000000000060 T Java_systems_obsidian_HaskellActivity_haskellOnRestart
0000000000000020 T Java_systems_obsidian_HaskellActivity_haskellOnResume
0000000000000010 T Java_systems_obsidian_HaskellActivity_haskellOnStart
0000000000000040 T Java_systems_obsidian_HaskellActivity_haskellOnStop
00000000000008b4 T Java_systems_obsidian_HaskellActivity_haskellStartMain
0000000000000000 d Java_systems_obsidian_HaskellActivity_haskellStartMain.argv
0000000000000b40 T JNI_OnLoad
000000000000098c T loggerThread
                 U longjmp
0000000000000974 t mainFinished
0000000000000018 b mainJmpbuf
                 U malloc
                 U memcpy
                 U pipe
                 U pthread_create
                 U pthread_detach
                 U __read_chk
0000000000000010 b setCallbacksQueue
                 U setjmp
                 U setvbuf
0000000000000a50 T startLogger
                 U stderr
                 U stdout
                 U strcpy
                 U strlen
                 U ZCMain_main_closure